<?xml version="1.0" encoding="UTF-8"?>
<testng-results skipped="0" failed="0" ignored="0" total="1" passed="1">
  <reporter-output>
  </reporter-output>
  <suite name="Default suite" duration-ms="3218" started-at="2017-09-13T06:56:19Z" finished-at="2017-09-13T06:56:23Z">
    <groups>
    </groups>
    <test name="Default test" duration-ms="3218" started-at="2017-09-13T06:56:19Z" finished-at="2017-09-13T06:56:23Z">
      <class name="Lion.Test.Press">
        <test-method status="PASS" signature="f()[pri:0, instance:Lion.Test.Press@5d5eef3d]" name="f" duration-ms="3204" started-at="2017-09-13T09:56:19Z" finished-at="2017-09-13T09:56:23Z">
          <reporter-output>
          </reporter-output>
        </test-method> <!-- f -->
      </class> <!-- Lion.Test.Press -->
    </test> <!-- Default test -->
  </suite> <!-- Default suite -->
</testng-results>
