<?xml version="1.0" encoding="UTF-8"?>
<testng-results skipped="0" failed="0" ignored="0" total="1" passed="1">
  <reporter-output>
  </reporter-output>
  <suite name="Default suite" duration-ms="23" started-at="2017-09-07T06:06:15Z" finished-at="2017-09-07T06:06:15Z">
    <groups>
    </groups>
    <test name="Default test" duration-ms="23" started-at="2017-09-07T06:06:15Z" finished-at="2017-09-07T06:06:15Z">
      <class name="Lion.Test.TestGraphOne">
        <test-method status="PASS" signature="startFromHungry()[pri:0, instance:Lion.Test.TestGraphOne@5d5eef3d]" name="startFromHungry" duration-ms="10" started-at="2017-09-07T09:06:15Z" finished-at="2017-09-07T09:06:15Z">
          <reporter-output>
          </reporter-output>
        </test-method> <!-- startFromHungry -->
      </class> <!-- Lion.Test.TestGraphOne -->
    </test> <!-- Default test -->
  </suite> <!-- Default suite -->
</testng-results>
